This is pdfTeX, Version 3.14159265-2.6-1.40.21 (MiKTeX 2.9.7400 64-bit) (preloaded format=pdflatex 2020.5.5)  27 AUG 2020 01:06
entering extended mode
**./AI4VideogamesReport.tex
(AI4VideogamesReport.tex
LaTeX2e <2020-02-02> patch level 5
L3 programming layer <2020-04-06>
("C:\Users\doppu\AppData\Local\Programs\MiKTeX 2.9\tex/latex/base\article.cls"
Document Class: article 2019/12/20 v1.4l Standard LaTeX document class
("C:\Users\doppu\AppData\Local\Programs\MiKTeX 2.9\tex/latex/base\size12.clo"
File: size12.clo 2019/12/20 v1.4l Standard LaTeX file (size option)
)
\c@part=\count167
\c@section=\count168
\c@subsection=\count169
\c@subsubsection=\count170
\c@paragraph=\count171
\c@subparagraph=\count172
\c@figure=\count173
\c@table=\count174
\abovecaptionskip=\skip47
\belowcaptionskip=\skip48
\bibindent=\dimen134
) ("C:\Users\doppu\AppData\Local\Programs\MiKTeX 2.9\tex/latex/base\inputenc.st
y"
Package: inputenc 2018/08/11 v1.3c Input encoding file
\inpenc@prehook=\toks15
\inpenc@posthook=\toks16
 ("C:\Users\doppu\AppData\Local\Programs\MiKTeX 2.9\tex/latex/ucs\utf8x.def"
File: utf8x.def 2004/10/17 UCS: Input encoding UTF-8
)) ("C:\Users\doppu\AppData\Local\Programs\MiKTeX 2.9\tex/latex/ucs\ucs.sty"
Package: ucs 2013/05/11 v2.2 UCS: Unicode input support

("C:\Users\doppu\AppData\Local\Programs\MiKTeX 2.9\tex/latex/ucs\uni-global.def
"
File: uni-global.def 2013/05/13 UCS: Unicode global data
)
\uc@secondtry=\count175
\uc@combtoks=\toks17
\uc@combtoksb=\toks18
\uc@temptokena=\toks19
)
("C:\Users\doppu\AppData\Local\Programs\MiKTeX 2.9\tex/latex/amsmath\amsmath.st
y"
Package: amsmath 2020/01/20 v2.17e AMS math features
\@mathmargin=\skip49

For additional information on amsmath, use the `?' option.

("C:\Users\doppu\AppData\Local\Programs\MiKTeX 2.9\tex/latex/amsmath\amstext.st
y"
Package: amstext 2000/06/29 v2.01 AMS text

("C:\Users\doppu\AppData\Local\Programs\MiKTeX 2.9\tex/latex/amsmath\amsgen.sty
"
File: amsgen.sty 1999/11/30 v2.0 generic functions
\@emptytoks=\toks20
\ex@=\dimen135
))
("C:\Users\doppu\AppData\Local\Programs\MiKTeX 2.9\tex/latex/amsmath\amsbsy.sty
"
Package: amsbsy 1999/11/29 v1.2d Bold Symbols
\pmbraise@=\dimen136
)
("C:\Users\doppu\AppData\Local\Programs\MiKTeX 2.9\tex/latex/amsmath\amsopn.sty
"
Package: amsopn 2016/03/08 v2.02 operator names
)
\inf@bad=\count176
LaTeX Info: Redefining \frac on input line 227.
\uproot@=\count177
\leftroot@=\count178
LaTeX Info: Redefining \overline on input line 389.
\classnum@=\count179
\DOTSCASE@=\count180
LaTeX Info: Redefining \ldots on input line 486.
LaTeX Info: Redefining \dots on input line 489.
LaTeX Info: Redefining \cdots on input line 610.
\Mathstrutbox@=\box45
\strutbox@=\box46
\big@size=\dimen137
LaTeX Font Info:    Redeclaring font encoding OML on input line 733.
LaTeX Font Info:    Redeclaring font encoding OMS on input line 734.
\macc@depth=\count181
\c@MaxMatrixCols=\count182
\dotsspace@=\muskip16
\c@parentequation=\count183
\dspbrk@lvl=\count184
\tag@help=\toks21
\row@=\count185
\column@=\count186
\maxfields@=\count187
\andhelp@=\toks22
\eqnshift@=\dimen138
\alignsep@=\dimen139
\tagshift@=\dimen140
\tagwidth@=\dimen141
\totwidth@=\dimen142
\lineht@=\dimen143
\@envbody=\toks23
\multlinegap=\skip50
\multlinetaggap=\skip51
\mathdisplay@stack=\toks24
LaTeX Info: Redefining \[ on input line 2859.
LaTeX Info: Redefining \] on input line 2860.
)
("C:\Users\doppu\AppData\Local\Programs\MiKTeX 2.9\tex/latex/graphics\graphicx.
sty"
Package: graphicx 2019/11/30 v1.2a Enhanced LaTeX Graphics (DPC,SPQR)

("C:\Users\doppu\AppData\Local\Programs\MiKTeX 2.9\tex/latex/graphics\keyval.st
y"
Package: keyval 2014/10/28 v1.15 key=value parser (DPC)
\KV@toks@=\toks25
)
("C:\Users\doppu\AppData\Local\Programs\MiKTeX 2.9\tex/latex/graphics\graphics.
sty"
Package: graphics 2019/11/30 v1.4a Standard LaTeX Graphics (DPC,SPQR)

("C:\Users\doppu\AppData\Local\Programs\MiKTeX 2.9\tex/latex/graphics\trig.sty"
Package: trig 2016/01/03 v1.10 sin cos tan (DPC)
)
("C:\Users\doppu\AppData\Local\Programs\MiKTeX 2.9\tex/latex/graphics-cfg\graph
ics.cfg"
File: graphics.cfg 2016/06/04 v1.11 sample graphics configuration
)
Package graphics Info: Driver file: pdftex.def on input line 105.

("C:\Users\doppu\AppData\Local\Programs\MiKTeX 2.9\tex/latex/graphics-def\pdfte
x.def"
File: pdftex.def 2018/01/08 v1.0l Graphics/color driver for pdftex
))
\Gin@req@height=\dimen144
\Gin@req@width=\dimen145
)
("C:\Users\doppu\AppData\Local\Programs\MiKTeX 2.9\tex/latex/hyperref\hyperref.
sty"
Package: hyperref 2020/01/14 v7.00d Hypertext links for LaTeX

("C:\Users\doppu\AppData\Local\Programs\MiKTeX 2.9\tex/generic/ltxcmds\ltxcmds.
sty"
Package: ltxcmds 2019/12/15 v1.24 LaTeX kernel commands for general use (HO)
)
("C:\Users\doppu\AppData\Local\Programs\MiKTeX 2.9\tex/generic/iftex\iftex.sty"
Package: iftex 2020/03/06 v1.0d TeX engine tests
)
("C:\Users\doppu\AppData\Local\Programs\MiKTeX 2.9\tex/latex/pdftexcmds\pdftexc
mds.sty"
Package: pdftexcmds 2019/11/24 v0.31 Utility functions of pdfTeX for LuaTeX (HO
)

("C:\Users\doppu\AppData\Local\Programs\MiKTeX 2.9\tex/generic/infwarerr\infwar
err.sty"
Package: infwarerr 2019/12/03 v1.5 Providing info/warning/error messages (HO)
)
Package pdftexcmds Info: \pdf@primitive is available.
Package pdftexcmds Info: \pdf@ifprimitive is available.
Package pdftexcmds Info: \pdfdraftmode found.
)
("C:\Users\doppu\AppData\Local\Programs\MiKTeX 2.9\tex/generic/kvsetkeys\kvsetk
eys.sty"
Package: kvsetkeys 2019/12/15 v1.18 Key value parser (HO)
)
("C:\Users\doppu\AppData\Local\Programs\MiKTeX 2.9\tex/generic/kvdefinekeys\kvd
efinekeys.sty"
Package: kvdefinekeys 2019-12-19 v1.6 Define keys (HO)
)
("C:\Users\doppu\AppData\Local\Programs\MiKTeX 2.9\tex/generic/pdfescape\pdfesc
ape.sty"
Package: pdfescape 2019/12/09 v1.15 Implements pdfTeX's escape features (HO)
)
("C:\Users\doppu\AppData\Local\Programs\MiKTeX 2.9\tex/latex/hycolor\hycolor.st
y"
Package: hycolor 2020-01-27 v1.10 Color options for hyperref/bookmark (HO)
)
("C:\Users\doppu\AppData\Local\Programs\MiKTeX 2.9\tex/latex/letltxmacro\letltx
macro.sty"
Package: letltxmacro 2019/12/03 v1.6 Let assignment for LaTeX macros (HO)
)
("C:\Users\doppu\AppData\Local\Programs\MiKTeX 2.9\tex/latex/auxhook\auxhook.st
y"
Package: auxhook 2019-12-17 v1.6 Hooks for auxiliary files (HO)
)
("C:\Users\doppu\AppData\Local\Programs\MiKTeX 2.9\tex/latex/kvoptions\kvoption
s.sty"
Package: kvoptions 2019/11/29 v3.13 Key value format for package options (HO)
)
\@linkdim=\dimen146
\Hy@linkcounter=\count188
\Hy@pagecounter=\count189

("C:\Users\doppu\AppData\Local\Programs\MiKTeX 2.9\tex/latex/hyperref\pd1enc.de
f"
File: pd1enc.def 2020/01/14 v7.00d Hyperref: PDFDocEncoding definition (HO)
)
("C:\Users\doppu\AppData\Local\Programs\MiKTeX 2.9\tex/generic/intcalc\intcalc.
sty"
Package: intcalc 2019/12/15 v1.3 Expandable calculations with integers (HO)
)
("C:\Users\doppu\AppData\Local\Programs\MiKTeX 2.9\tex/generic/etexcmds\etexcmd
s.sty"
Package: etexcmds 2019/12/15 v1.7 Avoid name clashes with e-TeX commands (HO)
)
\Hy@SavedSpaceFactor=\count190
Package hyperref Info: Hyper figures OFF on input line 4547.
Package hyperref Info: Link nesting OFF on input line 4552.
Package hyperref Info: Hyper index ON on input line 4555.
Package hyperref Info: Plain pages OFF on input line 4562.
Package hyperref Info: Backreferencing OFF on input line 4567.
Package hyperref Info: Implicit mode ON; LaTeX internals redefined.
Package hyperref Info: Bookmarks ON on input line 4800.
\c@Hy@tempcnt=\count191
 ("C:\Users\doppu\AppData\Local\Programs\MiKTeX 2.9\tex/latex/url\url.sty"
\Urlmuskip=\muskip17
Package: url 2013/09/16  ver 3.4  Verb mode for urls, etc.
)
LaTeX Info: Redefining \url on input line 5159.
\XeTeXLinkMargin=\dimen147

("C:\Users\doppu\AppData\Local\Programs\MiKTeX 2.9\tex/generic/bitset\bitset.st
y"
Package: bitset 2019/12/09 v1.3 Handle bit-vector datatype (HO)

("C:\Users\doppu\AppData\Local\Programs\MiKTeX 2.9\tex/generic/bigintcalc\bigin
tcalc.sty"
Package: bigintcalc 2019/12/15 v1.5 Expandable calculations on big integers (HO
)
))
\Fld@menulength=\count192
\Field@Width=\dimen148
\Fld@charsize=\dimen149
Package hyperref Info: Hyper figures OFF on input line 6430.
Package hyperref Info: Link nesting OFF on input line 6435.
Package hyperref Info: Hyper index ON on input line 6438.
Package hyperref Info: backreferencing OFF on input line 6445.
Package hyperref Info: Link coloring OFF on input line 6450.
Package hyperref Info: Link coloring with OCG OFF on input line 6455.
Package hyperref Info: PDF/A mode OFF on input line 6460.
LaTeX Info: Redefining \ref on input line 6500.
LaTeX Info: Redefining \pageref on input line 6504.

("C:\Users\doppu\AppData\Local\Programs\MiKTeX 2.9\tex/generic/atbegshi\atbegsh
i.sty"
Package: atbegshi 2019/12/05 v1.19 At begin shipout hook (HO)
)
\Hy@abspage=\count193
\c@Item=\count194
\c@Hfootnote=\count195
)
Package hyperref Info: Driver (autodetected): hpdftex.

("C:\Users\doppu\AppData\Local\Programs\MiKTeX 2.9\tex/latex/hyperref\hpdftex.d
ef"
File: hpdftex.def 2020/01/14 v7.00d Hyperref driver for pdfTeX

("C:\Users\doppu\AppData\Local\Programs\MiKTeX 2.9\tex/latex/atveryend\atveryen
d.sty"
Package: atveryend 2019-12-11 v1.11 Hooks at the very end of document (HO)
Package atveryend Info: \enddocument detected (standard20110627).
)
\Fld@listcount=\count196
\c@bookmark@seq@number=\count197

("C:\Users\doppu\AppData\Local\Programs\MiKTeX 2.9\tex/latex/rerunfilecheck\rer
unfilecheck.sty"
Package: rerunfilecheck 2019/12/05 v1.9 Rerun checks for auxiliary files (HO)

("C:\Users\doppu\AppData\Local\Programs\MiKTeX 2.9\tex/generic/uniquecounter\un
iquecounter.sty"
Package: uniquecounter 2019/12/15 v1.4 Provide unlimited unique counter (HO)
)
Package uniquecounter Info: New unique counter `rerunfilecheck' on input line 2
86.
)
\Hy@SectionHShift=\skip52
)
Package hyperref Info: Option `colorlinks' set `true' on input line 12.

("C:\Users\doppu\AppData\Local\Programs\MiKTeX 2.9\tex/latex/l3backend\l3backen
d-pdfmode.def"
File: l3backend-pdfmode.def 2020-03-12 L3 backend support: PDF mode
\l__kernel_color_stack_int=\count198
\l__pdf_internal_box=\box47
) (AI4VideogamesReport.aux

LaTeX Warning: Label `lbl:reflect' multiply defined.

)
\openout1 = `AI4VideogamesReport.aux'.

LaTeX Font Info:    Checking defaults for OML/cmm/m/it on input line 14.
LaTeX Font Info:    ... okay on input line 14.
LaTeX Font Info:    Checking defaults for OMS/cmsy/m/n on input line 14.
LaTeX Font Info:    ... okay on input line 14.
LaTeX Font Info:    Checking defaults for OT1/cmr/m/n on input line 14.
LaTeX Font Info:    ... okay on input line 14.
LaTeX Font Info:    Checking defaults for T1/cmr/m/n on input line 14.
LaTeX Font Info:    ... okay on input line 14.
LaTeX Font Info:    Checking defaults for TS1/cmr/m/n on input line 14.
LaTeX Font Info:    ... okay on input line 14.
LaTeX Font Info:    Checking defaults for OMX/cmex/m/n on input line 14.
LaTeX Font Info:    ... okay on input line 14.
LaTeX Font Info:    Checking defaults for U/cmr/m/n on input line 14.
LaTeX Font Info:    ... okay on input line 14.
LaTeX Font Info:    Checking defaults for PD1/pdf/m/n on input line 14.
LaTeX Font Info:    ... okay on input line 14.
 ("C:\Users\doppu\AppData\Local\Programs\MiKTeX 2.9\tex/latex/ucs\ucsencs.def"
File: ucsencs.def 2011/01/21 Fixes to fontencodings LGR, T3
)
("C:\Users\doppu\AppData\Local\Programs\MiKTeX 2.9\tex/context/base/mkii\supp-p
df.mkii"
[Loading MPS to PDF converter (version 2006.09.02).]
\scratchcounter=\count199
\scratchdimen=\dimen150
\scratchbox=\box48
\nofMPsegments=\count266
\nofMParguments=\count267
\everyMPshowfont=\toks26
\MPscratchCnt=\count268
\MPscratchDim=\dimen151
\MPnumerator=\count269
\makeMPintoPDFobject=\count270
\everyMPtoPDFconversion=\toks27
)
("C:\Users\doppu\AppData\Local\Programs\MiKTeX 2.9\tex/latex/epstopdf-pkg\epsto
pdf-base.sty"
Package: epstopdf-base 2020-01-24 v2.11 Base part for package epstopdf
Package epstopdf-base Info: Redefining graphics rule for `.eps' on input line 4
85.
)
\AtBeginShipoutBox=\box49

("C:\Users\doppu\AppData\Local\Programs\MiKTeX 2.9\tex/latex/graphics\color.sty
"
Package: color 2019/11/23 v1.2a Standard LaTeX Color (DPC)

("C:\Users\doppu\AppData\Local\Programs\MiKTeX 2.9\tex/latex/graphics-cfg\color
.cfg"
File: color.cfg 2016/01/02 v1.6 sample color configuration
)
Package color Info: Driver file: pdftex.def on input line 147.
)
Package hyperref Info: Link coloring ON on input line 14.

("C:\Users\doppu\AppData\Local\Programs\MiKTeX 2.9\tex/latex/hyperref\nameref.s
ty"
Package: nameref 2019/09/16 v2.46 Cross-referencing by name of section

("C:\Users\doppu\AppData\Local\Programs\MiKTeX 2.9\tex/latex/refcount\refcount.
sty"
Package: refcount 2019/12/15 v3.6 Data extraction from label references (HO)
)
("C:\Users\doppu\AppData\Local\Programs\MiKTeX 2.9\tex/generic/gettitlestring\g
ettitlestring.sty"
Package: gettitlestring 2019/12/15 v1.6 Cleanup title references (HO)
)
\c@section@level=\count271
)
LaTeX Info: Redefining \ref on input line 14.
LaTeX Info: Redefining \pageref on input line 14.
LaTeX Info: Redefining \nameref on input line 14.
 (AI4VideogamesReport.out) (AI4VideogamesReport.out)
\@outlinefile=\write3
\openout3 = `AI4VideogamesReport.out'.

<images/logo.png, id=67, 1204.5pt x 1204.5pt>
File: images/logo.png Graphic file (type png)
<use images/logo.png>
Package pdftex.def Info: images/logo.png  used on input line 46.
(pdftex.def)             Requested size: 240.89574pt x 240.89574pt.

[1

{C:/Users/doppu/AppData/Local/MiKTeX/2.9/pdftex/config/pdftex.map} <./images/lo
go.png>] (AI4VideogamesReport.toc)
\tf@toc=\write4
\openout4 = `AI4VideogamesReport.toc'.

pdfTeX warning (ext4): destination with the same identifier (name{page.1}) has 
been already used, duplicate ignored
<to be read again> 
                   \relax 
l.56 	\newpage
               [1] [2]
<images/Disk&Agent.png, id=104, 101.62968pt x 115.18031pt>
File: images/Disk&Agent.png Graphic file (type png)
<use images/Disk&Agent.png>
Package pdftex.def Info: images/Disk&Agent.png  used on input line 71.
(pdftex.def)             Requested size: 117.00119pt x 132.60568pt.
<images/TrainingField2.png, id=105, 178.41656pt x 138.5175pt>
File: images/TrainingField2.png Graphic file (type png)
<use images/TrainingField2.png>
Package pdftex.def Info: images/TrainingField2.png  used on input line 80.
(pdftex.def)             Requested size: 272.99881pt x 211.95854pt.
 [3 <./images/Disk&Agent.png> <./images/TrainingField2.png>]
<images/AgentVsAgentField2.png, id=113, 193.47281pt x 149.05687pt>
File: images/AgentVsAgentField2.png Graphic file (type png)
<use images/AgentVsAgentField2.png>
Package pdftex.def Info: images/AgentVsAgentField2.png  used on input line 90.
(pdftex.def)             Requested size: 272.99881pt x 210.32942pt.
 [4 <./images/AgentVsAgentField2.png>]
<images/SidePlane.png, id=121, 215.80624pt x 188.705pt>
File: images/SidePlane.png Graphic file (type png)
<use images/SidePlane.png>
Package pdftex.def Info: images/SidePlane.png  used on input line 107.
(pdftex.def)             Requested size: 284.69833pt x 248.9733pt.
 [5 <./images/SidePlane.png>]
<images/PM.png, id=128, 543.02875pt x 331.2375pt>
File: images/PM.png Graphic file (type png)
<use images/PM.png>
Package pdftex.def Info: images/PM.png  used on input line 117.
(pdftex.def)             Requested size: 390.0pt x 237.90451pt.
 [6 <./images/PM.png>]
<images/FieldmovementUpDown.png, id=138, 213.79875pt x 275.0275pt>
File: images/FieldmovementUpDown.png Graphic file (type png)
<use images/FieldmovementUpDown.png>
Package pdftex.def Info: images/FieldmovementUpDown.png  used on input line 131
.
(pdftex.def)             Requested size: 155.99762pt x 200.67188pt.
<images/Reflect.png, id=139, 160.34906pt x 127.97812pt>
File: images/Reflect.png Graphic file (type png)
<use images/Reflect.png>
Package pdftex.def Info: images/Reflect.png  used on input line 139.
(pdftex.def)             Requested size: 195.0pt x 155.63705pt.
 [7 <./images/FieldmovementUpDown.png> <./images/Reflect.png>]
<images/DiskBehaviour1.png, id=147, 429.10312pt x 408.77719pt>
File: images/DiskBehaviour1.png Graphic file (type png)
<use images/DiskBehaviour1.png>
Package pdftex.def Info: images/DiskBehaviour1.png  used on input line 153.
(pdftex.def)             Requested size: 390.0pt x 371.53249pt.

[8 <./images/DiskBehaviour1.png>]
Underfull \hbox (badness 10000) in paragraph at lines 169--171

 []

<images/Initialize.png, id=155, 321.45094pt x 185.19188pt>
File: images/Initialize.png Graphic file (type png)
<use images/Initialize.png>
Package pdftex.def Info: images/Initialize.png  used on input line 178.
(pdftex.def)             Requested size: 312.00119pt x 179.75456pt.
[9 <./images/Initialize.png>]
<images/OnEpisodeBegin.png, id=162, 429.85594pt x 143.03438pt>
File: images/OnEpisodeBegin.png Graphic file (type png)
<use images/OnEpisodeBegin.png>
Package pdftex.def Info: images/OnEpisodeBegin.png  used on input line 188.
(pdftex.def)             Requested size: 390.0pt x 129.77516pt.
<images/CollectObservation.png, id=163, 368.1253pt x 73.77562pt>
File: images/CollectObservation.png Graphic file (type png)
<use images/CollectObservation.png>
Package pdftex.def Info: images/CollectObservation.png  used on input line 199.

(pdftex.def)             Requested size: 390.0pt x 78.16574pt.
 [10 <./images/OnEpisodeBegin.png> <./images/CollectObservation.png>]
<images/OnActionReceived.png, id=170, 462.97969pt x 206.27063pt>
File: images/OnActionReceived.png Graphic file (type png)
<use images/OnActionReceived.png>
Package pdftex.def Info: images/OnActionReceived.png  used on input line 210.
(pdftex.def)             Requested size: 390.0pt x 173.75713pt.
<images/NormalTraining1.png, id=171, 355.3275pt x 309.40594pt>
File: images/NormalTraining1.png Graphic file (type png)
<use images/NormalTraining1.png>
Package pdftex.def Info: images/NormalTraining1.png  used on input line 221.
(pdftex.def)             Requested size: 296.39786pt x 258.10045pt.
 [11 <./images/OnActionReceived.png> <./images/NormalTraining1.png>]
<images/Behaviour.png, id=180, 235.63031pt x 410.2828pt>
File: images/Behaviour.png Graphic file (type png)
<use images/Behaviour.png>
Package pdftex.def Info: images/Behaviour.png  used on input line 234.
(pdftex.def)             Requested size: 234.00238pt x 407.45209pt.
 [12 <./images/Behaviour.png>]
<images/AvsA.png, id=188, 963.6pt x 722.7pt>
File: images/AvsA.png Graphic file (type png)
<use images/AvsA.png>
Package pdftex.def Info: images/AvsA.png  used on input line 246.
(pdftex.def)             Requested size: 390.0pt x 292.4934pt.
 [13 <./images/AvsA.png>]
<images/InverseTraining1.png, id=195, 362.85562pt x 278.54062pt>
File: images/InverseTraining1.png Graphic file (type png)
<use images/InverseTraining1.png>
Package pdftex.def Info: images/InverseTraining1.png  used on input line 257.
(pdftex.def)             Requested size: 296.39786pt x 227.52924pt.
 [14 <./images/InverseTraining1.png>]
<images/MixedField.png, id=202, 356.83313pt x 319.1925pt>
File: images/MixedField.png Graphic file (type png)
<use images/MixedField.png>
Package pdftex.def Info: images/MixedField.png  used on input line 270.
(pdftex.def)             Requested size: 296.39786pt x 265.144pt.
 [15 <./images/MixedField.png>]
<images/MiddleField.png, id=209, 216.05719pt x 287.57437pt>
File: images/MiddleField.png Graphic file (type png)
<use images/MiddleField.png>
Package pdftex.def Info: images/MiddleField.png  used on input line 290.
(pdftex.def)             Requested size: 230.09857pt x 306.27542pt.
 [16 <./images/MiddleField.png>]
<images/MiddleCollisionCode.png, id=216, 650.43pt x 160.34906pt>
File: images/MiddleCollisionCode.png Graphic file (type png)
<use images/MiddleCollisionCode.png>
Package pdftex.def Info: images/MiddleCollisionCode.png  used on input line 300
.
(pdftex.def)             Requested size: 390.0pt x 96.149pt.
<images/BehindWall.png, id=217, 963.6pt x 722.7pt>
File: images/BehindWall.png Graphic file (type png)
<use images/BehindWall.png>
Package pdftex.def Info: images/BehindWall.png  used on input line 310.
(pdftex.def)             Requested size: 319.80286pt x 239.84811pt.
 [17 <./images/MiddleCollisionCode.png> <./images/BehindWall.png>]
<images/DiskBehaviour2.png, id=226, 843.90282pt x 88.07906pt>
File: images/DiskBehaviour2.png Graphic file (type png)
<use images/DiskBehaviour2.png>
Package pdftex.def Info: images/DiskBehaviour2.png  used on input line 320.
(pdftex.def)             Requested size: 487.5pt x 50.88159pt.

Overfull \hbox (97.5pt too wide) in paragraph at lines 319--321
 [][] 
 []

<images/OnEpisodeBegin2.png, id=227, 898.85812pt x 237.13594pt>
File: images/OnEpisodeBegin2.png Graphic file (type png)
<use images/OnEpisodeBegin2.png>
Package pdftex.def Info: images/OnEpisodeBegin2.png  used on input line 336.
(pdftex.def)             Requested size: 487.5pt x 128.61234pt.

Overfull \hbox (97.5pt too wide) in paragraph at lines 335--337
 [][] 
 []

[18 <./images/DiskBehaviour2.png> <./images/OnEpisodeBegin2.png>]
<images/CollectObservation2.png, id=236, 367.3725pt x 85.82062pt>
File: images/CollectObservation2.png Graphic file (type png)
<use images/CollectObservation2.png>
Package pdftex.def Info: images/CollectObservation2.png  used on input line 346
.
(pdftex.def)             Requested size: 390.0pt x 91.11214pt.
<images/OnActionReceived2.png, id=237, 461.47406pt x 206.27063pt>
File: images/OnActionReceived2.png Graphic file (type png)
<use images/OnActionReceived2.png>
Package pdftex.def Info: images/OnActionReceived2.png  used on input line 354.
(pdftex.def)             Requested size: 390.0pt x 174.32367pt.
 [19 <./images/CollectObservation2.png> <./images/OnActionReceived2.png>]
<images/NewField.png, id=244, 300.3722pt x 187.45032pt>
File: images/NewField.png Graphic file (type png)
<use images/NewField.png>
Package pdftex.def Info: images/NewField.png  used on input line 377.
(pdftex.def)             Requested size: 390.0pt x 243.40506pt.
<images/DiskBehaviour3.png, id=245, 482.55281pt x 62.48344pt>
File: images/DiskBehaviour3.png Graphic file (type png)
<use images/DiskBehaviour3.png>
Package pdftex.def Info: images/DiskBehaviour3.png  used on input line 386.
(pdftex.def)             Requested size: 390.0pt x 50.5007pt.
 [20 <./images/NewField.png>]
<images/Obstacle1.png, id=251, 298.86656pt x 175.40532pt>
File: images/Obstacle1.png Graphic file (type png)
<use images/Obstacle1.png>
Package pdftex.def Info: images/Obstacle1.png  used on input line 398.
(pdftex.def)             Requested size: 191.10214pt x 112.15997pt.
<images/Obstacle2.png, id=252, 304.88907pt x 181.42781pt>
File: images/Obstacle2.png Graphic file (type png)
<use images/Obstacle2.png>
Package pdftex.def Info: images/Obstacle2.png  used on input line 404.
(pdftex.def)             Requested size: 191.10214pt x 113.72153pt.
 [21 <./images/DiskBehaviour3.png> <./images/Obstacle1.png> <./images/Obstacle2
.png>]
Package atveryend Info: Empty hook `BeforeClearDocument' on input line 410.
 [22]
Package atveryend Info: Empty hook `AfterLastShipout' on input line 410.
 (AI4VideogamesReport.aux)
Package atveryend Info: Executing hook `AtVeryEndDocument' on input line 410.
Package atveryend Info: Executing hook `AtEndAfterFileList' on input line 410.
Package rerunfilecheck Info: File `AI4VideogamesReport.out' has not changed.
(rerunfilecheck)             Checksum: 05A03EF1BAD725634EF425ACCF956EB6;984.


LaTeX Warning: There were multiply-defined labels.

Package atveryend Info: Empty hook `AtVeryVeryEnd' on input line 410.
 ) 
Here is how much of TeX's memory you used:
 6334 strings out of 480930
 101147 string characters out of 2899762
 367379 words of memory out of 3000000
 22011 multiletter control sequences out of 15000+200000
 539806 words of font info for 49 fonts, out of 3000000 for 9000
 1141 hyphenation exceptions out of 8191
 34i,6n,29p,563b,413s stack positions out of 5000i,500n,10000p,200000b,50000s
 <C:\Users\doppu\AppData\Local\MiKTeX\2.9\fonts/pk/ljfour/jknappen/ec/dpi600\
tcrm1200.pk><C:/Users/doppu/AppData/Local/Programs/MiKTeX 2.9/fonts/type1/publi
c/amsfonts/cm/cmbx12.pfb><C:/Users/doppu/AppData/Local/Programs/MiKTeX 2.9/font
s/type1/public/amsfonts/cm/cmcsc10.pfb><C:/Users/doppu/AppData/Local/Programs/M
iKTeX 2.9/fonts/type1/public/amsfonts/cm/cmr12.pfb><C:/Users/doppu/AppData/Loca
l/Programs/MiKTeX 2.9/fonts/type1/public/amsfonts/cm/cmr17.pfb><C:/Users/doppu/
AppData/Local/Programs/MiKTeX 2.9/fonts/type1/public/amsfonts/cm/cmti12.pfb>
Output written on AI4VideogamesReport.pdf (23 pages, 967251 bytes).
PDF statistics:
 300 PDF objects out of 1000 (max. 8388607)
 56 named destinations out of 1000 (max. 500000)
 274 words of extra memory for PDF output out of 10000 (max. 10000000)

